30.0,30.0,30.0,30.0,29.0,30.0,
30.0,30.0,30.0,30.0,29.0,30.0,
30.0,30.0,30.0,30.0,29.0,30.0,
30.0,30.0,30.0,30.0,29.0,30.0,
30.0,30.0,30.0,30.0,29.0,30.0,
30.0,30.0,30.0,30.0,29.0,30.0,
30.0,30.0,30.0,30.0,29.0,30.0,
30.0,30.0,30.0,30.0,29.0,30.0,
30.0,30.0,30.0,30.0,29.0,30.0,
30.0,30.0,30.0,30.0,29.0,30.0,
30.0,30.0,30.0,30.0,29.0,30.0,
30.0,30.0,30.0,30.0,29.0,30.0,
30.0,30.0,30.0,30.0,29.0,30.0,
30.0,30.0,30.0,30.0,29.0,30.0,
30.0,30.0,30.0,30.0,29.0,30.0,
30.0,30.0,30.0,30.0,29.0,30.0,
30.0,30.0,30.0,30.0,29.0,30.0,
30.0,30.0,30.0,30.0,29.0,30.0,
30.0,30.0,30.0,30.0,29.0,30.0,
30.0,30.0,30.0,30.0,29.0,30.0,
30.0,30.0,30.0,30.0,29.0,30.0,
33.0,39.0,34.0,32.0,33.0,37.0,
31.0,30.0,30.0,30.0,30.0,30.0,
30.0,30.0,30.0,30.0,29.0,29.0,
30.0,30.0,30.0,30.0,29.0,30.0,
31.0,30.0,31.0,30.0,29.0,29.0,
30.0,30.0,30.0,30.0,29.0,29.0,
30.0,30.0,29.0,29.0,29.0,37.0,
30.0,30.0,29.0,29.0,30.0,29.0,
30.0,30.0,30.0,29.0,30.0,30.0,
31.0,30.0,30.0,29.0,30.0,30.0,
30.0,30.0,30.0,29.0,29.0,30.0,
30.0,30.0,30.0,30.0,30.0,29.0,
21.0,22.0,22.0,26.0,
20.0,21.0,20.0,24.0,
20.0,22.0,24.0,21.0,
20.0,21.0,21.0,25.0,
20.0,21.0,24.0,20.0,
20.0,21.0,23.0,20.0,
19.0,26.0,20.0,20.0,
24.0,22.0,21.0,20.0,
20.0,21.0,24.0,20.0,
21.0,21.0,21.0,24.0,
20.0,21.0,21.0,24.0,
19.0,21.0,21.0,24.0,
21.0,21.0,25.0,21.0,
20.0,21.0,20.0,24.0,
20.0,26.0,21.0,21.0,
20.0,26.0,20.0,20.0,
17.0,18.0,20.0,18.0,
