11,8,4,9,9,7,10,14,8,4,9,15,
10,12,8,15,5,9,9,11,7,6,6,13,
12,9,7,8,8,8,6,12,10,9,13,9,
15,8,7,13,6,17,7,11,8,12,13,10,
15,8,6,11,9,15,10,17,16,8,15,8,
17,9,13,12,12,12,14,11,6,17,16,13,
8,12,10,27,8,13,8,12,11,12,7,11,
12,10,6,14,8,9,10,9,10,11,11,10,
12,9,9,12,8,9,11,9,15,9,12,12,
10,14,7,9,13,12,13,16,11,11,21,12,
10,9,10,7,14,11,12,20,9,13,16,8,
12,9,9,7,13,9,25,10,15,8,10,6,
8,11,11,9,4,9,6,24,6,8,11,12,
20,6,12,6,8,7,10,9,13,9,11,14,
7,12,12,9,6,11,13,16,14,16,7,8,
9,12,11,11,13,15,13,15,11,7,7,18,
14,24,6,4,15,9,15,6,13,11,10,9,
10,12,11,15,12,11,11,5,7,18,10,12,
11,17,9,10,7,9,9,15,12,14,10,9,
14,16,10,20,18,16,18,13,11,13,11,11,
13,8,13,6,9,6,10,11,14,15,14,11,
16,10,11,9,8,14,8,14,15,10,12,11,
26,16,9,10,12,17,9,13,15,8,12,15,
6,11,9,15,6,9,8,10,13,8,21,4,
12,16,7,15,8,10,4,27,12,11,16,5,
8,10,13,16,5,13,9,20,6,9,11,11,
19,11,26,14,19,12,10,10,5,12,8,9,
13,11,10,19,7,8,6,13,19,9,12,10,
18,16,12,15,13,11,13,15,9,13,8,13,
13,14,10,21,9,17,11,8,13,16,11,10,
11,14,9,11,8,14,7,6,7,6,29,7,
11,15,8,11,21,10,16,9,8,11,11,14,
21,10,10,13,10,17,6,15,13,13,10,16,
11,7,12,7,14,10,6,10,13,10,6,9,
9,12,5,7,5,3,5,7,10,16,9,11,
14,11,9,9,8,8,6,5,4,6,6,10,
12,11,9,9,13,27,7,11,10,7,10,12,
9,9,5,9,7,13,12,9,7,18,13,11,
9,5,9,20,13,9,7,13,13,11,11,8,
20,12,9,12,9,14,12,12,13,12,13,11,
12,17,12,8,15,5,12,11,9,12,13,8,
13,29,9,8,18,12,7,7,9,12,11,10,
16,13,8,9,10,9,13,8,12,8,14,15,
6,12,5,8,9,8,15,9,15,13,8,10,
10,13,15,16,9,9,9,5,9,6,10,13,
9,10,12,6,14,13,9,13,12,12,10,11,
22,6,11,18,10,13,12,9,12,7,15,18,
14,14,10,7,15,13,14,12,15,9,6,12,
8,6,10,9,19,8,10,12,10,11,11,14,
8,10,9,7,12,13,7,6,12,10,21,27,
11,10,9,9,10,6,17,14,17,13,11,5,
17,17,15,15,8,11,10,17,11,12,13,11,
8,13,9,10,10,13,5,12,14,10,8,6,
9,14,12,3,11,19,6,8,9,12,4,8,
10,14,12,10,11,10,6,10,8,16,10,9,
10,13,10,13,8,6,4,12,8,10,11,25,
8,13,10,6,13,10,11,24,5,14,8,12,
7,15,7,10,9,12,13,24,14,10,11,9,
11,10,9,11,11,10,10,12,16,10,21,6,
9,8,24,15,15,12,11,12,13,13,9,12,
14,16,13,12,19,15,9,18,9,6,10,13,
9,9,6,5,16,8,18,9,16,11,14,13,
18,13,8,9,13,12,15,10,15,13,9,9,
14,13,13,9,8,12,9,13,12,10,7,13,
15,11,6,16,19,19,10,12,15,17,13,14,
24,27,10,10,6,8,24,12,7,7,8,11,
22,8,5,5,8,11,10,14,6,13,5,27,
5,19,13,11,5,7,10,8,11,6,9,3,
10,5,5,7,10,5,37,11,8,10,3,4,
6,14,6,4,4,7,8,6,12,7,12,4,
9,7,10,9,9,11,6,11,7,7,15,7,
8,11,5,7,32,12,9,6,4,12,7,6,
7,22,8,12,5,10,8,7,11,14,8,2,
8,22,8,10,11,9,6,9,8,6,6,7,
11,10,7,9,6,11,20,9,11,11,11,11,
12,11,10,14,18,13,17,10,24,16,12,12,
10,12,6,9,9,7,8,8,3,3,39,23,
12,11,15,10,20,5,8,5,9,7,9,5,
5,4,8,11,9,6,6,5,22,8,6,10,
9,21,8,6,10,9,5,6,7,12,5,7,
13,12,8,10,7,3,7,37,9,9,13,8,
24,11,10,7,7,5,7,9,11,4,8,10,
9,8,5,9,9,6,7,26,8,23,11,8,
9,10,10,9,7,9,10,7,7,8,5,7,
6,14,9,11,9,5,7,16,7,9,7,5,
15,13,12,7,14,15,13,11,19,14,9,9,
13,20,9,8,12,17,21,10,9,16,15,10,
16,22,15,10,18,13,11,9,12,13,12,9,
11,10,5,10,11,10,29,9,17,4,18,6,
15,13,11,9,20,32,19,15,13,10,6,15,
14,15,18,9,11,11,9,18,12,11,9,21,
10,17,13,13,11,9,21,14,15,8,17,10,
19,16,12,13,22,18,8,16,13,12,18,22,
8,14,18,21,9,17,12,23,9,15,17,11,
7,31,14,7,7,8,11,23,8,9,29,9,
11,17,11,5,10,10,7,13,10,13,18,9,
10,6,7,12,28,18,9,21,12,11,11,6,
12,25,14,5,11,8,6,10,9,14,12,19,
17,14,9,14,13,6,9,17,8,9,12,13,
12,9,8,8,11,7,13,8,10,13,21,13,
8,10,7,12,11,13,19,10,14,9,10,12,
12,8,11,7,12,8,10,11,25,5,15,9,
12,10,13,7,8,7,14,21,9,22,14,13,
12,7,10,14,10,10,18,15,8,13,10,13,
10,10,4,14,8,10,8,9,11,7,9,10,
12,9,13,7,11,4,8,12,31,12,11,9,
9,9,11,10,18,9,11,12,10,6,13,12,
7,15,6,17,10,6,8,8,6,12,8,5,
9,15,8,7,11,7,16,10,20,16,16,8,
9,13,9,26,18,10,11,8,8,8,11,8,
4,4,7,6,11,5,4,6,2,2,3,7,
5,9,7,8,5,5,7,5,13,10,15,11,
15,12,13,8,14,13,12,8,8,25,14,16,
14,9,6,8,6,13,17,12,13,13,15,8,
12,11,4,13,11,11,10,13,15,6,11,7,
11,16,10,10,14,7,7,6,6,3,9,7,
0,1,0,0,
0,0,0,0,
0,0,0,0,
0,0,0,0,
0,0,0,1,
0,0,0,0,
0,0,0,0,
0,0,0,0,
0,0,0,0,
0,0,0,0,
0,0,0,0,
1,0,1,0,
0,0,0,0,
0,0,0,0,
0,0,0,0,
0,0,0,0,
0,0,0,1,
