72.43
72.43
72.44
72.47
72.30
72.32
72.29
72.37
72.37
72.67
72.43
72.09
72.18
72.36
73.84
73.97
73.84
73.93
73.84
73.82
73.61
73.84
74.23
73.45
73.71
73.65
73.78
73.64
73.71
58.81
58.57
58.50
58.81
58.66
59.09
59.76
59.75
59.80
61.28
61.18
61.09
60.57
60.95
60.83
61.20
60.99
61.00
61.00
61.03
61.07
61.14
61.19
61.15
61.03
61.08
61.14
60.96
60.71
60.91
60.69
61.03
60.60
60.67
60.79
60.71
62.93
64.26
63.56
63.63
63.00
62.95
63.14
62.81
63.02
62.88
63.29
63.15
63.16
63.17
63.29
63.20
63.42
63.66
63.53
63.60
63.60
63.38
63.44
63.66
63.45
63.45
63.52
63.76
63.60
63.88
63.87
63.76
64.35
63.75
63.45
63.88
63.54
62.96
58.88
59.42
58.02
57.86
57.77
58.11
56.97
56.27
56.17
56.20
56.08
56.16
56.03
66.97
67.05
67.25
67.26
67.26
67.24
67.54
67.54
67.54
68.35
67.54
67.54
67.54
67.58
67.57
67.53
86.32
